<?xml version="1.0" encoding="UTF-8"?>
<robot generator="Robot 6.1.1 (Python 3.10.12 on linux)" generated="20231208 12:28:08.790" rpa="false" schemaversion="4">
<suite id="s1" name="Tests" source="/home/kaariroo/ohtu-miniprojekti/src/backend/tests">
<suite id="s1-s1" name="Add" source="/home/kaariroo/ohtu-miniprojekti/src/backend/tests/add.robot">
<kw name="Open And Configure Browser" library="resource" type="SETUP">
<kw name="Evaluate" library="BuiltIn">
<var>${options}</var>
<arg>sys.modules['selenium.webdriver'].ChromeOptions()</arg>
<arg>sys</arg>
<doc>Evaluates the given expression in Python and returns the result.</doc>
<msg timestamp="20231208 12:28:08.957" level="INFO">${options} = &lt;selenium.webdriver.chrome.options.Options object at 0x7fb831328b20&gt;</msg>
<status status="PASS" starttime="20231208 12:28:08.957" endtime="20231208 12:28:08.957"/>
</kw>
<kw name="Call Method" library="BuiltIn">
<arg>${options}</arg>
<arg>add_argument</arg>
<arg>--no-sandbox</arg>
<doc>Calls the named method of the given object with the provided arguments.</doc>
<status status="PASS" starttime="20231208 12:28:08.957" endtime="20231208 12:28:08.958"/>
</kw>
<kw name="Open Browser" library="SeleniumLibrary">
<arg>browser=chrome</arg>
<arg>options=${options}</arg>
<doc>Opens a new browser instance to the optional ``url``.</doc>
<msg timestamp="20231208 12:28:08.958" level="INFO">Opening browser 'chrome' to base url 'None'.</msg>
<msg timestamp="20231208 12:28:09.074" level="WARN">The chromedriver version (119.0.6045.159) detected in PATH at /usr/bin/chromedriver might not be compatible with the detected chrome version (120.0.6099.71); currently, chromedriver 120.0.6099.71 is recommended for chrome 120.*, so it is advised to delete the driver in PATH and retry</msg>
<status status="PASS" starttime="20231208 12:28:08.958" endtime="20231208 12:28:10.197"/>
</kw>
<kw name="Set Selenium Speed" library="SeleniumLibrary">
<arg>${DELAY}</arg>
<doc>Sets the delay that is waited after each Selenium command.</doc>
<status status="PASS" starttime="20231208 12:28:10.197" endtime="20231208 12:28:10.198"/>
</kw>
<status status="PASS" starttime="20231208 12:28:08.957" endtime="20231208 12:28:10.198"/>
</kw>
<test id="s1-s1-t1" name="Add Article" line="9">
<kw name="Go To Starting Page" library="resource" type="SETUP">
<kw name="Go To" library="SeleniumLibrary">
<arg>${HOME_URL}</arg>
<doc>Navigates the current browser window to the provided ``url``.</doc>
<msg timestamp="20231208 12:28:10.199" level="INFO">Opening url 'http://localhost:5000'</msg>
<status status="PASS" starttime="20231208 12:28:10.199" endtime="20231208 12:28:10.448"/>
</kw>
<status status="PASS" starttime="20231208 12:28:10.198" endtime="20231208 12:28:10.449"/>
</kw>
<kw name="Set Username">
<arg>Esimerkki Käyttäjä</arg>
<kw name="Input Text" library="SeleniumLibrary">
<arg>username</arg>
<arg>${username}</arg>
<doc>Types the given ``text`` into the text field identified by ``locator``.</doc>
<msg timestamp="20231208 12:28:10.451" level="INFO">Typing text 'Esimerkki Käyttäjä' into text field 'username'.</msg>
<status status="PASS" starttime="20231208 12:28:10.450" endtime="20231208 12:28:10.879"/>
</kw>
<status status="PASS" starttime="20231208 12:28:10.449" endtime="20231208 12:28:10.879"/>
</kw>
<kw name="Submit Credentials">
<kw name="Click Button" library="SeleniumLibrary">
<arg>Kirjaudu sisään</arg>
<doc>Clicks the button identified by ``locator``.</doc>
<msg timestamp="20231208 12:28:10.881" level="INFO">Clicking button 'Kirjaudu sisään'.</msg>
<status status="PASS" starttime="20231208 12:28:10.880" endtime="20231208 12:28:12.049"/>
</kw>
<status status="PASS" starttime="20231208 12:28:10.880" endtime="20231208 12:28:12.049"/>
</kw>
<kw name="Click Link" library="SeleniumLibrary">
<arg>Lisää artikkeli</arg>
<doc>Clicks a link identified by ``locator``.</doc>
<msg timestamp="20231208 12:28:12.050" level="INFO">Clicking link 'Lisää artikkeli'.</msg>
<status status="PASS" starttime="20231208 12:28:12.049" endtime="20231208 12:28:12.443"/>
</kw>
<kw name="Set Author">
<arg>Esimerkkikirjoittaja</arg>
<kw name="Input Text" library="SeleniumLibrary">
<arg>Kirjoittaja</arg>
<arg>${author}</arg>
<doc>Types the given ``text`` into the text field identified by ``locator``.</doc>
<msg timestamp="20231208 12:28:12.445" level="INFO">Typing text 'Esimerkkikirjoittaja' into text field 'Kirjoittaja'.</msg>
<status status="PASS" starttime="20231208 12:28:12.444" endtime="20231208 12:28:12.835"/>
</kw>
<status status="PASS" starttime="20231208 12:28:12.444" endtime="20231208 12:28:12.835"/>
</kw>
<kw name="Set Title">
<arg>Esimerkki</arg>
<kw name="Input Text" library="SeleniumLibrary">
<arg>Otsikko</arg>
<arg>${title}</arg>
<doc>Types the given ``text`` into the text field identified by ``locator``.</doc>
<msg timestamp="20231208 12:28:12.837" level="INFO">Typing text 'Esimerkki' into text field 'Otsikko'.</msg>
<status status="PASS" starttime="20231208 12:28:12.836" endtime="20231208 12:28:13.229"/>
</kw>
<status status="PASS" starttime="20231208 12:28:12.836" endtime="20231208 12:28:13.229"/>
</kw>
<kw name="Set Year">
<arg>2023</arg>
<kw name="Input Text" library="SeleniumLibrary">
<arg>Julkaisuvuosi</arg>
<arg>${year}</arg>
<doc>Types the given ``text`` into the text field identified by ``locator``.</doc>
<msg timestamp="20231208 12:28:13.231" level="INFO">Typing text '2023' into text field 'Julkaisuvuosi'.</msg>
<status status="PASS" starttime="20231208 12:28:13.230" endtime="20231208 12:28:13.614"/>
</kw>
<status status="PASS" starttime="20231208 12:28:13.229" endtime="20231208 12:28:13.614"/>
</kw>
<kw name="Set Article">
<arg>Esimerkkiartikkeli</arg>
<kw name="Input Text" library="SeleniumLibrary">
<arg>Artikkeli</arg>
<arg>${article}</arg>
<doc>Types the given ``text`` into the text field identified by ``locator``.</doc>
<msg timestamp="20231208 12:28:13.616" level="INFO">Typing text 'Esimerkkiartikkeli' into text field 'Artikkeli'.</msg>
<status status="PASS" starttime="20231208 12:28:13.615" endtime="20231208 12:28:14.012"/>
</kw>
<status status="PASS" starttime="20231208 12:28:13.615" endtime="20231208 12:28:14.012"/>
</kw>
<kw name="Submit Article">
<kw name="Click Button" library="SeleniumLibrary">
<arg>Lähetä</arg>
<doc>Clicks the button identified by ``locator``.</doc>
<msg timestamp="20231208 12:28:14.013" level="INFO">Clicking button 'Lähetä'.</msg>
<status status="PASS" starttime="20231208 12:28:14.013" endtime="20231208 12:28:15.498"/>
</kw>
<status status="PASS" starttime="20231208 12:28:14.012" endtime="20231208 12:28:15.499"/>
</kw>
<kw name="Adding Article Should Succeed With Article">
<arg>@article{esimerkkikirjoittaja:2023,</arg>
<kw name="Article Page Should Be Open" library="resource">
<kw name="Title Should Be" library="SeleniumLibrary">
<arg>Artikkelit</arg>
<doc>Verifies that the current page title equals ``title``.</doc>
<msg timestamp="20231208 12:28:15.610" level="INFO">Page title is 'Artikkelit'.</msg>
<status status="PASS" starttime="20231208 12:28:15.500" endtime="20231208 12:28:15.610"/>
</kw>
<status status="PASS" starttime="20231208 12:28:15.500" endtime="20231208 12:28:15.610"/>
</kw>
<kw name="Page Should Contain" library="SeleniumLibrary">
<arg>${article}</arg>
<doc>Verifies that current page contains ``text``.</doc>
<msg timestamp="20231208 12:28:15.839" level="INFO">Current page contains text '@article{esimerkkikirjoittaja:2023,'.</msg>
<status status="PASS" starttime="20231208 12:28:15.610" endtime="20231208 12:28:15.839"/>
</kw>
<status status="PASS" starttime="20231208 12:28:15.499" endtime="20231208 12:28:15.839"/>
</kw>
<status status="PASS" starttime="20231208 12:28:10.198" endtime="20231208 12:28:15.839"/>
</test>
<test id="s1-s1-t2" name="Add Book" line="20">
<kw name="Go To Starting Page" library="resource" type="SETUP">
<kw name="Go To" library="SeleniumLibrary">
<arg>${HOME_URL}</arg>
<doc>Navigates the current browser window to the provided ``url``.</doc>
<msg timestamp="20231208 12:28:15.842" level="INFO">Opening url 'http://localhost:5000'</msg>
<status status="PASS" starttime="20231208 12:28:15.841" endtime="20231208 12:28:15.992"/>
</kw>
<status status="PASS" starttime="20231208 12:28:15.841" endtime="20231208 12:28:15.992"/>
</kw>
<kw name="Set Username">
<arg>Esimerkki Käyttäjä</arg>
<kw name="Input Text" library="SeleniumLibrary">
<arg>username</arg>
<arg>${username}</arg>
<doc>Types the given ``text`` into the text field identified by ``locator``.</doc>
<msg timestamp="20231208 12:28:15.994" level="INFO">Typing text 'Esimerkki Käyttäjä' into text field 'username'.</msg>
<status status="PASS" starttime="20231208 12:28:15.993" endtime="20231208 12:28:16.382"/>
</kw>
<status status="PASS" starttime="20231208 12:28:15.992" endtime="20231208 12:28:16.383"/>
</kw>
<kw name="Submit Credentials">
<kw name="Click Button" library="SeleniumLibrary">
<arg>Kirjaudu sisään</arg>
<doc>Clicks the button identified by ``locator``.</doc>
<msg timestamp="20231208 12:28:16.384" level="INFO">Clicking button 'Kirjaudu sisään'.</msg>
<status status="PASS" starttime="20231208 12:28:16.383" endtime="20231208 12:28:17.313"/>
</kw>
<status status="PASS" starttime="20231208 12:28:16.383" endtime="20231208 12:28:17.314"/>
</kw>
<kw name="Click Link" library="SeleniumLibrary">
<arg>Lisää kirja</arg>
<doc>Clicks a link identified by ``locator``.</doc>
<msg timestamp="20231208 12:28:17.315" level="INFO">Clicking link 'Lisää kirja'.</msg>
<status status="PASS" starttime="20231208 12:28:17.314" endtime="20231208 12:28:17.701"/>
</kw>
<kw name="Set Author">
<arg>Esimerkkikirjailija</arg>
<kw name="Input Text" library="SeleniumLibrary">
<arg>Kirjoittaja</arg>
<arg>${author}</arg>
<doc>Types the given ``text`` into the text field identified by ``locator``.</doc>
<msg timestamp="20231208 12:28:17.703" level="INFO">Typing text 'Esimerkkikirjailija' into text field 'Kirjoittaja'.</msg>
<status status="PASS" starttime="20231208 12:28:17.702" endtime="20231208 12:28:18.092"/>
</kw>
<status status="PASS" starttime="20231208 12:28:17.701" endtime="20231208 12:28:18.092"/>
</kw>
<kw name="Set Editor">
<arg>Esimerkki editori</arg>
<kw name="Input Text" library="SeleniumLibrary">
<arg>Editori</arg>
<arg>${editor}</arg>
<doc>Types the given ``text`` into the text field identified by ``locator``.</doc>
<msg timestamp="20231208 12:28:18.094" level="INFO">Typing text 'Esimerkki editori' into text field 'Editori'.</msg>
<status status="PASS" starttime="20231208 12:28:18.093" endtime="20231208 12:28:18.497"/>
</kw>
<status status="PASS" starttime="20231208 12:28:18.093" endtime="20231208 12:28:18.497"/>
</kw>
<kw name="Set Title">
<arg>Esimerkki otsikko</arg>
<kw name="Input Text" library="SeleniumLibrary">
<arg>Otsikko</arg>
<arg>${title}</arg>
<doc>Types the given ``text`` into the text field identified by ``locator``.</doc>
<msg timestamp="20231208 12:28:18.499" level="INFO">Typing text 'Esimerkki otsikko' into text field 'Otsikko'.</msg>
<status status="PASS" starttime="20231208 12:28:18.498" endtime="20231208 12:28:18.900"/>
</kw>
<status status="PASS" starttime="20231208 12:28:18.497" endtime="20231208 12:28:18.900"/>
</kw>
<kw name="Set Publisher">
<arg>Esimerkki julkaisija</arg>
<kw name="Input Text" library="SeleniumLibrary">
<arg>Julkaisija</arg>
<arg>${publisher}</arg>
<doc>Types the given ``text`` into the text field identified by ``locator``.</doc>
<msg timestamp="20231208 12:28:18.902" level="INFO">Typing text 'Esimerkki julkaisija' into text field 'Julkaisija'.</msg>
<status status="PASS" starttime="20231208 12:28:18.901" endtime="20231208 12:28:19.306"/>
</kw>
<status status="PASS" starttime="20231208 12:28:18.900" endtime="20231208 12:28:19.306"/>
</kw>
<kw name="Set Year">
<arg>2023</arg>
<kw name="Input Text" library="SeleniumLibrary">
<arg>Julkaisuvuosi</arg>
<arg>${year}</arg>
<doc>Types the given ``text`` into the text field identified by ``locator``.</doc>
<msg timestamp="20231208 12:28:19.308" level="INFO">Typing text '2023' into text field 'Julkaisuvuosi'.</msg>
<status status="PASS" starttime="20231208 12:28:19.307" endtime="20231208 12:28:19.698"/>
</kw>
<status status="PASS" starttime="20231208 12:28:19.306" endtime="20231208 12:28:19.698"/>
</kw>
<kw name="Submit Article">
<kw name="Click Button" library="SeleniumLibrary">
<arg>Lähetä</arg>
<doc>Clicks the button identified by ``locator``.</doc>
<msg timestamp="20231208 12:28:19.700" level="INFO">Clicking button 'Lähetä'.</msg>
<status status="PASS" starttime="20231208 12:28:19.699" endtime="20231208 12:28:21.140"/>
</kw>
<status status="PASS" starttime="20231208 12:28:19.698" endtime="20231208 12:28:21.140"/>
</kw>
<kw name="Adding Book Should Succeed With Book">
<arg>@book{esimerkkikirjailija:2023,</arg>
<kw name="Article Page Should Be Open" library="resource">
<kw name="Title Should Be" library="SeleniumLibrary">
<arg>Artikkelit</arg>
<doc>Verifies that the current page title equals ``title``.</doc>
<msg timestamp="20231208 12:28:21.254" level="INFO">Page title is 'Artikkelit'.</msg>
<status status="PASS" starttime="20231208 12:28:21.142" endtime="20231208 12:28:21.254"/>
</kw>
<status status="PASS" starttime="20231208 12:28:21.142" endtime="20231208 12:28:21.255"/>
</kw>
<kw name="Page Should Contain" library="SeleniumLibrary">
<arg>${book}</arg>
<doc>Verifies that current page contains ``text``.</doc>
<msg timestamp="20231208 12:28:21.479" level="INFO">Current page contains text '@book{esimerkkikirjailija:2023,'.</msg>
<status status="PASS" starttime="20231208 12:28:21.255" endtime="20231208 12:28:21.479"/>
</kw>
<status status="PASS" starttime="20231208 12:28:21.141" endtime="20231208 12:28:21.479"/>
</kw>
<status status="PASS" starttime="20231208 12:28:15.840" endtime="20231208 12:28:21.480"/>
</test>
<test id="s1-s1-t3" name="Add Tag" line="32">
<kw name="Go To Starting Page" library="resource" type="SETUP">
<kw name="Go To" library="SeleniumLibrary">
<arg>${HOME_URL}</arg>
<doc>Navigates the current browser window to the provided ``url``.</doc>
<msg timestamp="20231208 12:28:21.482" level="INFO">Opening url 'http://localhost:5000'</msg>
<status status="PASS" starttime="20231208 12:28:21.482" endtime="20231208 12:28:21.629"/>
</kw>
<status status="PASS" starttime="20231208 12:28:21.481" endtime="20231208 12:28:21.629"/>
</kw>
<kw name="Set Username">
<arg>Esimerkki Käyttäjä</arg>
<kw name="Input Text" library="SeleniumLibrary">
<arg>username</arg>
<arg>${username}</arg>
<doc>Types the given ``text`` into the text field identified by ``locator``.</doc>
<msg timestamp="20231208 12:28:21.631" level="INFO">Typing text 'Esimerkki Käyttäjä' into text field 'username'.</msg>
<status status="PASS" starttime="20231208 12:28:21.630" endtime="20231208 12:28:22.018"/>
</kw>
<status status="PASS" starttime="20231208 12:28:21.630" endtime="20231208 12:28:22.018"/>
</kw>
<kw name="Submit Credentials">
<kw name="Click Button" library="SeleniumLibrary">
<arg>Kirjaudu sisään</arg>
<doc>Clicks the button identified by ``locator``.</doc>
<msg timestamp="20231208 12:28:22.020" level="INFO">Clicking button 'Kirjaudu sisään'.</msg>
<status status="PASS" starttime="20231208 12:28:22.019" endtime="20231208 12:28:22.934"/>
</kw>
<status status="PASS" starttime="20231208 12:28:22.019" endtime="20231208 12:28:22.934"/>
</kw>
<kw name="Click Link" library="SeleniumLibrary">
<arg>Muokkaa tai poista viitteitä</arg>
<doc>Clicks a link identified by ``locator``.</doc>
<msg timestamp="20231208 12:28:22.935" level="INFO">Clicking link 'Muokkaa tai poista viitteitä'.</msg>
<status status="PASS" starttime="20231208 12:28:22.934" endtime="20231208 12:28:28.399"/>
</kw>
<kw name="Click Link" library="SeleniumLibrary">
<arg>Muokkaa</arg>
<doc>Clicks a link identified by ``locator``.</doc>
<msg timestamp="20231208 12:28:28.400" level="INFO">Clicking link 'Muokkaa'.</msg>
<status status="PASS" starttime="20231208 12:28:28.399" endtime="20231208 12:28:32.429"/>
</kw>
<kw name="Set Tag">
<arg>tagi</arg>
<kw name="Input Text" library="SeleniumLibrary">
<arg>Tagit</arg>
<arg>${tag}</arg>
<doc>Types the given ``text`` into the text field identified by ``locator``.</doc>
<msg timestamp="20231208 12:28:32.431" level="INFO">Typing text 'tagi' into text field 'Tagit'.</msg>
<status status="PASS" starttime="20231208 12:28:32.430" endtime="20231208 12:28:32.823"/>
</kw>
<status status="PASS" starttime="20231208 12:28:32.429" endtime="20231208 12:28:32.823"/>
</kw>
<kw name="Submit Tag">
<kw name="Click Button" library="SeleniumLibrary">
<arg>Tallenna</arg>
<doc>Clicks the button identified by ``locator``.</doc>
<msg timestamp="20231208 12:28:32.825" level="INFO">Clicking button 'Tallenna'.</msg>
<status status="PASS" starttime="20231208 12:28:32.824" endtime="20231208 12:28:39.455"/>
</kw>
<status status="PASS" starttime="20231208 12:28:32.824" endtime="20231208 12:28:39.455"/>
</kw>
<kw name="Adding Tag Should Succeed">
<kw name="List Page Should Be Open" library="resource">
<kw name="Title Should Be" library="SeleniumLibrary">
<arg>Viitelista</arg>
<doc>Verifies that the current page title equals ``title``.</doc>
<msg timestamp="20231208 12:28:39.564" level="INFO">Page title is 'Viitelista'.</msg>
<status status="PASS" starttime="20231208 12:28:39.456" endtime="20231208 12:28:39.565"/>
</kw>
<status status="PASS" starttime="20231208 12:28:39.456" endtime="20231208 12:28:39.565"/>
</kw>
<status status="PASS" starttime="20231208 12:28:39.455" endtime="20231208 12:28:39.565"/>
</kw>
<status status="PASS" starttime="20231208 12:28:21.481" endtime="20231208 12:28:39.565"/>
</test>
<kw name="Close Browser" library="SeleniumLibrary" type="TEARDOWN">
<doc>Closes the current browser.</doc>
<status status="PASS" starttime="20231208 12:28:39.567" endtime="20231208 12:28:39.726"/>
</kw>
<status status="PASS" starttime="20231208 12:28:08.817" endtime="20231208 12:28:39.726"/>
</suite>
<suite id="s1-s2" name="Home" source="/home/kaariroo/ohtu-miniprojekti/src/backend/tests/home.robot">
<kw name="Open And Configure Browser" library="resource" type="SETUP">
<kw name="Evaluate" library="BuiltIn">
<var>${options}</var>
<arg>sys.modules['selenium.webdriver'].ChromeOptions()</arg>
<arg>sys</arg>
<doc>Evaluates the given expression in Python and returns the result.</doc>
<msg timestamp="20231208 12:28:39.734" level="INFO">${options} = &lt;selenium.webdriver.chrome.options.Options object at 0x7fb8311a8760&gt;</msg>
<status status="PASS" starttime="20231208 12:28:39.734" endtime="20231208 12:28:39.734"/>
</kw>
<kw name="Call Method" library="BuiltIn">
<arg>${options}</arg>
<arg>add_argument</arg>
<arg>--no-sandbox</arg>
<doc>Calls the named method of the given object with the provided arguments.</doc>
<status status="PASS" starttime="20231208 12:28:39.734" endtime="20231208 12:28:39.735"/>
</kw>
<kw name="Open Browser" library="SeleniumLibrary">
<arg>browser=chrome</arg>
<arg>options=${options}</arg>
<doc>Opens a new browser instance to the optional ``url``.</doc>
<msg timestamp="20231208 12:28:39.736" level="INFO">Opening browser 'chrome' to base url 'None'.</msg>
<msg timestamp="20231208 12:28:39.821" level="WARN">The chromedriver version (119.0.6045.159) detected in PATH at /usr/bin/chromedriver might not be compatible with the detected chrome version (120.0.6099.71); currently, chromedriver 120.0.6099.71 is recommended for chrome 120.*, so it is advised to delete the driver in PATH and retry</msg>
<status status="PASS" starttime="20231208 12:28:39.735" endtime="20231208 12:28:40.848"/>
</kw>
<kw name="Set Selenium Speed" library="SeleniumLibrary">
<arg>${DELAY}</arg>
<doc>Sets the delay that is waited after each Selenium command.</doc>
<status status="PASS" starttime="20231208 12:28:40.848" endtime="20231208 12:28:40.848"/>
</kw>
<status status="PASS" starttime="20231208 12:28:39.733" endtime="20231208 12:28:40.848"/>
</kw>
<test id="s1-s2-t1" name="Go To Starting Page" line="8">
<kw name="Go To Starting Page" library="resource" type="SETUP">
<kw name="Go To" library="SeleniumLibrary">
<arg>${HOME_URL}</arg>
<doc>Navigates the current browser window to the provided ``url``.</doc>
<msg timestamp="20231208 12:28:40.850" level="INFO">Opening url 'http://localhost:5000'</msg>
<status status="PASS" starttime="20231208 12:28:40.849" endtime="20231208 12:28:41.059"/>
</kw>
<status status="PASS" starttime="20231208 12:28:40.849" endtime="20231208 12:28:41.060"/>
</kw>
<kw name="Starting Page Should Be Open" library="resource">
<kw name="Title Should Be" library="SeleniumLibrary">
<arg>Kirjautuminen</arg>
<doc>Verifies that the current page title equals ``title``.</doc>
<msg timestamp="20231208 12:28:41.167" level="INFO">Page title is 'Kirjautuminen'.</msg>
<status status="PASS" starttime="20231208 12:28:41.060" endtime="20231208 12:28:41.167"/>
</kw>
<status status="PASS" starttime="20231208 12:28:41.060" endtime="20231208 12:28:41.167"/>
</kw>
<status status="PASS" starttime="20231208 12:28:40.849" endtime="20231208 12:28:41.167"/>
</test>
<test id="s1-s2-t2" name="Login With Correct Credentials" line="11">
<kw name="Go To Starting Page" library="resource" type="SETUP">
<kw name="Go To" library="SeleniumLibrary">
<arg>${HOME_URL}</arg>
<doc>Navigates the current browser window to the provided ``url``.</doc>
<msg timestamp="20231208 12:28:41.169" level="INFO">Opening url 'http://localhost:5000'</msg>
<status status="PASS" starttime="20231208 12:28:41.169" endtime="20231208 12:28:41.296"/>
</kw>
<status status="PASS" starttime="20231208 12:28:41.168" endtime="20231208 12:28:41.296"/>
</kw>
<kw name="Set Username">
<arg>Roope</arg>
<kw name="Input Text" library="SeleniumLibrary">
<arg>username</arg>
<arg>${username}</arg>
<doc>Types the given ``text`` into the text field identified by ``locator``.</doc>
<msg timestamp="20231208 12:28:41.298" level="INFO">Typing text 'Roope' into text field 'username'.</msg>
<status status="PASS" starttime="20231208 12:28:41.297" endtime="20231208 12:28:41.693"/>
</kw>
<status status="PASS" starttime="20231208 12:28:41.297" endtime="20231208 12:28:41.693"/>
</kw>
<kw name="Submit Credentials">
<kw name="Click Button" library="SeleniumLibrary">
<arg>Kirjaudu sisään</arg>
<doc>Clicks the button identified by ``locator``.</doc>
<msg timestamp="20231208 12:28:41.694" level="INFO">Clicking button 'Kirjaudu sisään'.</msg>
<status status="PASS" starttime="20231208 12:28:41.694" endtime="20231208 12:28:42.740"/>
</kw>
<status status="PASS" starttime="20231208 12:28:41.693" endtime="20231208 12:28:42.740"/>
</kw>
<kw name="Login Should Succeed">
<kw name="Article Page Should Be Open" library="resource">
<kw name="Title Should Be" library="SeleniumLibrary">
<arg>Artikkelit</arg>
<doc>Verifies that the current page title equals ``title``.</doc>
<msg timestamp="20231208 12:28:42.845" level="INFO">Page title is 'Artikkelit'.</msg>
<status status="PASS" starttime="20231208 12:28:42.741" endtime="20231208 12:28:42.845"/>
</kw>
<status status="PASS" starttime="20231208 12:28:42.741" endtime="20231208 12:28:42.845"/>
</kw>
<status status="PASS" starttime="20231208 12:28:42.740" endtime="20231208 12:28:42.845"/>
</kw>
<status status="PASS" starttime="20231208 12:28:41.168" endtime="20231208 12:28:42.845"/>
</test>
<kw name="Close Browser" library="SeleniumLibrary" type="TEARDOWN">
<doc>Closes the current browser.</doc>
<status status="PASS" starttime="20231208 12:28:42.846" endtime="20231208 12:28:43.003"/>
</kw>
<status status="PASS" starttime="20231208 12:28:39.728" endtime="20231208 12:28:43.004"/>
</suite>
<suite id="s1-s3" name="Search" source="/home/kaariroo/ohtu-miniprojekti/src/backend/tests/search.robot">
<kw name="Open And Configure Browser" library="resource" type="SETUP">
<kw name="Evaluate" library="BuiltIn">
<var>${options}</var>
<arg>sys.modules['selenium.webdriver'].ChromeOptions()</arg>
<arg>sys</arg>
<doc>Evaluates the given expression in Python and returns the result.</doc>
<msg timestamp="20231208 12:28:43.012" level="INFO">${options} = &lt;selenium.webdriver.chrome.options.Options object at 0x7fb8311ab5e0&gt;</msg>
<status status="PASS" starttime="20231208 12:28:43.012" endtime="20231208 12:28:43.012"/>
</kw>
<kw name="Call Method" library="BuiltIn">
<arg>${options}</arg>
<arg>add_argument</arg>
<arg>--no-sandbox</arg>
<doc>Calls the named method of the given object with the provided arguments.</doc>
<status status="PASS" starttime="20231208 12:28:43.012" endtime="20231208 12:28:43.012"/>
</kw>
<kw name="Open Browser" library="SeleniumLibrary">
<arg>browser=chrome</arg>
<arg>options=${options}</arg>
<doc>Opens a new browser instance to the optional ``url``.</doc>
<msg timestamp="20231208 12:28:43.014" level="INFO">Opening browser 'chrome' to base url 'None'.</msg>
<msg timestamp="20231208 12:28:43.062" level="WARN">The chromedriver version (119.0.6045.159) detected in PATH at /usr/bin/chromedriver might not be compatible with the detected chrome version (120.0.6099.71); currently, chromedriver 120.0.6099.71 is recommended for chrome 120.*, so it is advised to delete the driver in PATH and retry</msg>
<status status="PASS" starttime="20231208 12:28:43.013" endtime="20231208 12:28:44.009"/>
</kw>
<kw name="Set Selenium Speed" library="SeleniumLibrary">
<arg>${DELAY}</arg>
<doc>Sets the delay that is waited after each Selenium command.</doc>
<status status="PASS" starttime="20231208 12:28:44.009" endtime="20231208 12:28:44.010"/>
</kw>
<status status="PASS" starttime="20231208 12:28:43.011" endtime="20231208 12:28:44.010"/>
</kw>
<test id="s1-s3-t1" name="Search With Correct Cite" line="9">
<kw name="Go To Starting Page" library="resource" type="SETUP">
<kw name="Go To" library="SeleniumLibrary">
<arg>${HOME_URL}</arg>
<doc>Navigates the current browser window to the provided ``url``.</doc>
<msg timestamp="20231208 12:28:44.011" level="INFO">Opening url 'http://localhost:5000'</msg>
<status status="PASS" starttime="20231208 12:28:44.010" endtime="20231208 12:28:44.254"/>
</kw>
<status status="PASS" starttime="20231208 12:28:44.010" endtime="20231208 12:28:44.254"/>
</kw>
<kw name="Set Username">
<arg>Esimerkki Käyttäjä</arg>
<kw name="Input Text" library="SeleniumLibrary">
<arg>username</arg>
<arg>${username}</arg>
<doc>Types the given ``text`` into the text field identified by ``locator``.</doc>
<msg timestamp="20231208 12:28:44.257" level="INFO">Typing text 'Esimerkki Käyttäjä' into text field 'username'.</msg>
<status status="PASS" starttime="20231208 12:28:44.255" endtime="20231208 12:28:44.703"/>
</kw>
<status status="PASS" starttime="20231208 12:28:44.255" endtime="20231208 12:28:44.703"/>
</kw>
<kw name="Submit Credentials">
<kw name="Click Button" library="SeleniumLibrary">
<arg>Kirjaudu sisään</arg>
<doc>Clicks the button identified by ``locator``.</doc>
<msg timestamp="20231208 12:28:44.705" level="INFO">Clicking button 'Kirjaudu sisään'.</msg>
<status status="PASS" starttime="20231208 12:28:44.704" endtime="20231208 12:28:45.645"/>
</kw>
<status status="PASS" starttime="20231208 12:28:44.704" endtime="20231208 12:28:45.645"/>
</kw>
<kw name="Set Search Cite">
<arg>esimerkkikirjoittaja:2023</arg>
<kw name="Input Text" library="SeleniumLibrary">
<arg>citeKey</arg>
<arg>${cite}</arg>
<doc>Types the given ``text`` into the text field identified by ``locator``.</doc>
<msg timestamp="20231208 12:28:45.647" level="INFO">Typing text 'esimerkkikirjoittaja:2023' into text field 'citeKey'.</msg>
<status status="PASS" starttime="20231208 12:28:45.646" endtime="20231208 12:28:46.066"/>
</kw>
<status status="PASS" starttime="20231208 12:28:45.646" endtime="20231208 12:28:46.066"/>
</kw>
<kw name="Submit Search Cite">
<kw name="Click Button" library="SeleniumLibrary">
<arg>Etsi</arg>
<doc>Clicks the button identified by ``locator``.</doc>
<msg timestamp="20231208 12:28:46.068" level="INFO">Clicking button 'Etsi'.</msg>
<status status="PASS" starttime="20231208 12:28:46.067" endtime="20231208 12:28:47.035"/>
</kw>
<status status="PASS" starttime="20231208 12:28:46.066" endtime="20231208 12:28:47.035"/>
</kw>
<kw name="Cite Search Should Succeed With Article">
<arg>@article{esimerkkikirjoittaja:2023,</arg>
<kw name="Result Page Should Be Open" library="resource">
<kw name="Title Should Be" library="SeleniumLibrary">
<arg>Lähdeviitteiden tallennussovellus</arg>
<doc>Verifies that the current page title equals ``title``.</doc>
<msg timestamp="20231208 12:28:47.145" level="INFO">Page title is 'Lähdeviitteiden tallennussovellus'.</msg>
<status status="PASS" starttime="20231208 12:28:47.036" endtime="20231208 12:28:47.145"/>
</kw>
<status status="PASS" starttime="20231208 12:28:47.036" endtime="20231208 12:28:47.145"/>
</kw>
<kw name="Page Should Contain" library="SeleniumLibrary">
<arg>${article}</arg>
<doc>Verifies that current page contains ``text``.</doc>
<msg timestamp="20231208 12:28:47.373" level="INFO">Current page contains text '@article{esimerkkikirjoittaja:2023,'.</msg>
<status status="PASS" starttime="20231208 12:28:47.145" endtime="20231208 12:28:47.373"/>
</kw>
<status status="PASS" starttime="20231208 12:28:47.035" endtime="20231208 12:28:47.373"/>
</kw>
<status status="PASS" starttime="20231208 12:28:44.010" endtime="20231208 12:28:47.373"/>
</test>
<test id="s1-s3-t2" name="Search Book With Correct Cite" line="16">
<kw name="Go To Starting Page" library="resource" type="SETUP">
<kw name="Go To" library="SeleniumLibrary">
<arg>${HOME_URL}</arg>
<doc>Navigates the current browser window to the provided ``url``.</doc>
<msg timestamp="20231208 12:28:47.376" level="INFO">Opening url 'http://localhost:5000'</msg>
<status status="PASS" starttime="20231208 12:28:47.375" endtime="20231208 12:28:47.515"/>
</kw>
<status status="PASS" starttime="20231208 12:28:47.375" endtime="20231208 12:28:47.516"/>
</kw>
<kw name="Set Username">
<arg>Esimerkki Käyttäjä</arg>
<kw name="Input Text" library="SeleniumLibrary">
<arg>username</arg>
<arg>${username}</arg>
<doc>Types the given ``text`` into the text field identified by ``locator``.</doc>
<msg timestamp="20231208 12:28:47.517" level="INFO">Typing text 'Esimerkki Käyttäjä' into text field 'username'.</msg>
<status status="PASS" starttime="20231208 12:28:47.517" endtime="20231208 12:28:47.912"/>
</kw>
<status status="PASS" starttime="20231208 12:28:47.516" endtime="20231208 12:28:47.912"/>
</kw>
<kw name="Submit Credentials">
<kw name="Click Button" library="SeleniumLibrary">
<arg>Kirjaudu sisään</arg>
<doc>Clicks the button identified by ``locator``.</doc>
<msg timestamp="20231208 12:28:47.913" level="INFO">Clicking button 'Kirjaudu sisään'.</msg>
<status status="PASS" starttime="20231208 12:28:47.913" endtime="20231208 12:28:48.875"/>
</kw>
<status status="PASS" starttime="20231208 12:28:47.912" endtime="20231208 12:28:48.875"/>
</kw>
<kw name="Set Search Cite">
<arg>esimerkkikirjailija:2023</arg>
<kw name="Input Text" library="SeleniumLibrary">
<arg>citeKey</arg>
<arg>${cite}</arg>
<doc>Types the given ``text`` into the text field identified by ``locator``.</doc>
<msg timestamp="20231208 12:28:48.877" level="INFO">Typing text 'esimerkkikirjailija:2023' into text field 'citeKey'.</msg>
<status status="PASS" starttime="20231208 12:28:48.876" endtime="20231208 12:28:49.271"/>
</kw>
<status status="PASS" starttime="20231208 12:28:48.876" endtime="20231208 12:28:49.271"/>
</kw>
<kw name="Submit Search Cite">
<kw name="Click Button" library="SeleniumLibrary">
<arg>Etsi</arg>
<doc>Clicks the button identified by ``locator``.</doc>
<msg timestamp="20231208 12:28:49.273" level="INFO">Clicking button 'Etsi'.</msg>
<status status="PASS" starttime="20231208 12:28:49.273" endtime="20231208 12:28:50.188"/>
</kw>
<status status="PASS" starttime="20231208 12:28:49.272" endtime="20231208 12:28:50.189"/>
</kw>
<kw name="Cite Search Should Succeed With Book">
<arg>@book{esimerkkikirjailija:2023,</arg>
<kw name="Result Page Should Be Open" library="resource">
<kw name="Title Should Be" library="SeleniumLibrary">
<arg>Lähdeviitteiden tallennussovellus</arg>
<doc>Verifies that the current page title equals ``title``.</doc>
<msg timestamp="20231208 12:28:50.300" level="INFO">Page title is 'Lähdeviitteiden tallennussovellus'.</msg>
<status status="PASS" starttime="20231208 12:28:50.190" endtime="20231208 12:28:50.300"/>
</kw>
<status status="PASS" starttime="20231208 12:28:50.190" endtime="20231208 12:28:50.300"/>
</kw>
<kw name="Page Should Contain" library="SeleniumLibrary">
<arg>${book}</arg>
<doc>Verifies that current page contains ``text``.</doc>
<msg timestamp="20231208 12:28:50.527" level="INFO">Current page contains text '@book{esimerkkikirjailija:2023,'.</msg>
<status status="PASS" starttime="20231208 12:28:50.300" endtime="20231208 12:28:50.528"/>
</kw>
<status status="PASS" starttime="20231208 12:28:50.189" endtime="20231208 12:28:50.528"/>
</kw>
<status status="PASS" starttime="20231208 12:28:47.374" endtime="20231208 12:28:50.528"/>
</test>
<test id="s1-s3-t3" name="Search With Correct Tag" line="23">
<kw name="Go To Starting Page" library="resource" type="SETUP">
<kw name="Go To" library="SeleniumLibrary">
<arg>${HOME_URL}</arg>
<doc>Navigates the current browser window to the provided ``url``.</doc>
<msg timestamp="20231208 12:28:50.530" level="INFO">Opening url 'http://localhost:5000'</msg>
<status status="PASS" starttime="20231208 12:28:50.530" endtime="20231208 12:28:50.674"/>
</kw>
<status status="PASS" starttime="20231208 12:28:50.529" endtime="20231208 12:28:50.674"/>
</kw>
<kw name="Set Username">
<arg>Esimerkki Käyttäjä</arg>
<kw name="Input Text" library="SeleniumLibrary">
<arg>username</arg>
<arg>${username}</arg>
<doc>Types the given ``text`` into the text field identified by ``locator``.</doc>
<msg timestamp="20231208 12:28:50.676" level="INFO">Typing text 'Esimerkki Käyttäjä' into text field 'username'.</msg>
<status status="PASS" starttime="20231208 12:28:50.676" endtime="20231208 12:28:51.072"/>
</kw>
<status status="PASS" starttime="20231208 12:28:50.675" endtime="20231208 12:28:51.072"/>
</kw>
<kw name="Submit Credentials">
<kw name="Click Button" library="SeleniumLibrary">
<arg>Kirjaudu sisään</arg>
<doc>Clicks the button identified by ``locator``.</doc>
<msg timestamp="20231208 12:28:51.074" level="INFO">Clicking button 'Kirjaudu sisään'.</msg>
<status status="PASS" starttime="20231208 12:28:51.073" endtime="20231208 12:28:52.008"/>
</kw>
<status status="PASS" starttime="20231208 12:28:51.072" endtime="20231208 12:28:52.008"/>
</kw>
<kw name="Set Search Tag">
<arg>tagi</arg>
<kw name="Input Text" library="SeleniumLibrary">
<arg>tag</arg>
<arg>${tag}</arg>
<doc>Types the given ``text`` into the text field identified by ``locator``.</doc>
<msg timestamp="20231208 12:28:52.010" level="INFO">Typing text 'tagi' into text field 'tag'.</msg>
<status status="PASS" starttime="20231208 12:28:52.009" endtime="20231208 12:28:52.398"/>
</kw>
<status status="PASS" starttime="20231208 12:28:52.009" endtime="20231208 12:28:52.398"/>
</kw>
<kw name="Submit Search Tag">
<kw name="Click Button" library="SeleniumLibrary">
<arg>id=2</arg>
<doc>Clicks the button identified by ``locator``.</doc>
<msg timestamp="20231208 12:28:52.400" level="INFO">Clicking button 'id=2'.</msg>
<status status="PASS" starttime="20231208 12:28:52.399" endtime="20231208 12:28:53.453"/>
</kw>
<status status="PASS" starttime="20231208 12:28:52.398" endtime="20231208 12:28:53.453"/>
</kw>
<kw name="Tag Search Should Succeed With Article">
<arg>@article{esimerkkikirjoittaja:2023,</arg>
<kw name="Result Page Should Be Open" library="resource">
<kw name="Title Should Be" library="SeleniumLibrary">
<arg>Lähdeviitteiden tallennussovellus</arg>
<doc>Verifies that the current page title equals ``title``.</doc>
<msg timestamp="20231208 12:28:53.562" level="INFO">Page title is 'Lähdeviitteiden tallennussovellus'.</msg>
<status status="PASS" starttime="20231208 12:28:53.454" endtime="20231208 12:28:53.563"/>
</kw>
<status status="PASS" starttime="20231208 12:28:53.454" endtime="20231208 12:28:53.563"/>
</kw>
<kw name="Page Should Contain" library="SeleniumLibrary">
<arg>${article}</arg>
<doc>Verifies that current page contains ``text``.</doc>
<msg timestamp="20231208 12:28:53.782" level="INFO">Current page contains text '@article{esimerkkikirjoittaja:2023,'.</msg>
<status status="PASS" starttime="20231208 12:28:53.563" endtime="20231208 12:28:53.782"/>
</kw>
<status status="PASS" starttime="20231208 12:28:53.453" endtime="20231208 12:28:53.783"/>
</kw>
<status status="PASS" starttime="20231208 12:28:50.529" endtime="20231208 12:28:53.783"/>
</test>
<test id="s1-s3-t4" name="Delete Article" line="30">
<kw name="Go To Starting Page" library="resource" type="SETUP">
<kw name="Go To" library="SeleniumLibrary">
<arg>${HOME_URL}</arg>
<doc>Navigates the current browser window to the provided ``url``.</doc>
<msg timestamp="20231208 12:28:53.785" level="INFO">Opening url 'http://localhost:5000'</msg>
<status status="PASS" starttime="20231208 12:28:53.785" endtime="20231208 12:28:53.914"/>
</kw>
<status status="PASS" starttime="20231208 12:28:53.784" endtime="20231208 12:28:53.914"/>
</kw>
<kw name="Set Username">
<arg>Esimerkki Käyttäjä</arg>
<kw name="Input Text" library="SeleniumLibrary">
<arg>username</arg>
<arg>${username}</arg>
<doc>Types the given ``text`` into the text field identified by ``locator``.</doc>
<msg timestamp="20231208 12:28:53.916" level="INFO">Typing text 'Esimerkki Käyttäjä' into text field 'username'.</msg>
<status status="PASS" starttime="20231208 12:28:53.915" endtime="20231208 12:28:54.306"/>
</kw>
<status status="PASS" starttime="20231208 12:28:53.914" endtime="20231208 12:28:54.306"/>
</kw>
<kw name="Submit Credentials">
<kw name="Click Button" library="SeleniumLibrary">
<arg>Kirjaudu sisään</arg>
<doc>Clicks the button identified by ``locator``.</doc>
<msg timestamp="20231208 12:28:54.308" level="INFO">Clicking button 'Kirjaudu sisään'.</msg>
<status status="PASS" starttime="20231208 12:28:54.307" endtime="20231208 12:28:55.241"/>
</kw>
<status status="PASS" starttime="20231208 12:28:54.307" endtime="20231208 12:28:55.241"/>
</kw>
<kw name="Click Link" library="SeleniumLibrary">
<arg>Muokkaa tai poista viitteitä</arg>
<doc>Clicks a link identified by ``locator``.</doc>
<msg timestamp="20231208 12:28:55.242" level="INFO">Clicking link 'Muokkaa tai poista viitteitä'.</msg>
<status status="PASS" starttime="20231208 12:28:55.241" endtime="20231208 12:28:56.110"/>
</kw>
<kw name="Click Link" library="SeleniumLibrary">
<arg>Poista</arg>
<doc>Clicks a link identified by ``locator``.</doc>
<msg timestamp="20231208 12:28:56.112" level="INFO">Clicking link 'Poista'.</msg>
<status status="PASS" starttime="20231208 12:28:56.111" endtime="20231208 12:28:56.968"/>
</kw>
<kw name="Set Delete">
<arg>Poista</arg>
<kw name="Submit Form" library="SeleniumLibrary">
<doc>Submits a form identified by ``locator``.</doc>
<msg timestamp="20231208 12:28:56.970" level="INFO">Submitting form 'None'.</msg>
<status status="PASS" starttime="20231208 12:28:56.969" endtime="20231208 12:28:58.273"/>
</kw>
<status status="PASS" starttime="20231208 12:28:56.969" endtime="20231208 12:28:58.273"/>
</kw>
<kw name="Delete Should Succeed With Message">
<arg>Viite on poistettu.</arg>
<kw name="Confirm Page Should Be Open" library="resource">
<kw name="Title Should Be" library="SeleniumLibrary">
<arg>Viite poistettu</arg>
<doc>Verifies that the current page title equals ``title``.</doc>
<msg timestamp="20231208 12:28:58.381" level="INFO">Page title is 'Viite poistettu'.</msg>
<status status="PASS" starttime="20231208 12:28:58.274" endtime="20231208 12:28:58.382"/>
</kw>
<status status="PASS" starttime="20231208 12:28:58.274" endtime="20231208 12:28:58.382"/>
</kw>
<kw name="Page Should Contain" library="SeleniumLibrary">
<arg>${message}</arg>
<doc>Verifies that current page contains ``text``.</doc>
<msg timestamp="20231208 12:28:58.610" level="INFO">Current page contains text 'Viite on poistettu.'.</msg>
<status status="PASS" starttime="20231208 12:28:58.382" endtime="20231208 12:28:58.610"/>
</kw>
<status status="PASS" starttime="20231208 12:28:58.273" endtime="20231208 12:28:58.610"/>
</kw>
<status status="PASS" starttime="20231208 12:28:53.783" endtime="20231208 12:28:58.610"/>
</test>
<test id="s1-s3-t5" name="Delete Book" line="38">
<kw name="Go To Starting Page" library="resource" type="SETUP">
<kw name="Go To" library="SeleniumLibrary">
<arg>${HOME_URL}</arg>
<doc>Navigates the current browser window to the provided ``url``.</doc>
<msg timestamp="20231208 12:28:58.612" level="INFO">Opening url 'http://localhost:5000'</msg>
<status status="PASS" starttime="20231208 12:28:58.612" endtime="20231208 12:28:58.738"/>
</kw>
<status status="PASS" starttime="20231208 12:28:58.611" endtime="20231208 12:28:58.739"/>
</kw>
<kw name="Set Username">
<arg>Esimerkki Käyttäjä</arg>
<kw name="Input Text" library="SeleniumLibrary">
<arg>username</arg>
<arg>${username}</arg>
<doc>Types the given ``text`` into the text field identified by ``locator``.</doc>
<msg timestamp="20231208 12:28:58.741" level="INFO">Typing text 'Esimerkki Käyttäjä' into text field 'username'.</msg>
<status status="PASS" starttime="20231208 12:28:58.740" endtime="20231208 12:28:59.133"/>
</kw>
<status status="PASS" starttime="20231208 12:28:58.739" endtime="20231208 12:28:59.133"/>
</kw>
<kw name="Submit Credentials">
<kw name="Click Button" library="SeleniumLibrary">
<arg>Kirjaudu sisään</arg>
<doc>Clicks the button identified by ``locator``.</doc>
<msg timestamp="20231208 12:28:59.135" level="INFO">Clicking button 'Kirjaudu sisään'.</msg>
<status status="PASS" starttime="20231208 12:28:59.134" endtime="20231208 12:29:00.118"/>
</kw>
<status status="PASS" starttime="20231208 12:28:59.134" endtime="20231208 12:29:00.118"/>
</kw>
<kw name="Click Link" library="SeleniumLibrary">
<arg>Muokkaa tai poista viitteitä</arg>
<doc>Clicks a link identified by ``locator``.</doc>
<msg timestamp="20231208 12:29:00.119" level="INFO">Clicking link 'Muokkaa tai poista viitteitä'.</msg>
<status status="PASS" starttime="20231208 12:29:00.118" endtime="20231208 12:29:00.957"/>
</kw>
<kw name="Click Link" library="SeleniumLibrary">
<arg>Poista</arg>
<doc>Clicks a link identified by ``locator``.</doc>
<msg timestamp="20231208 12:29:00.958" level="INFO">Clicking link 'Poista'.</msg>
<status status="PASS" starttime="20231208 12:29:00.957" endtime="20231208 12:29:01.779"/>
</kw>
<kw name="Set Delete">
<arg>Poista</arg>
<kw name="Submit Form" library="SeleniumLibrary">
<doc>Submits a form identified by ``locator``.</doc>
<msg timestamp="20231208 12:29:01.780" level="INFO">Submitting form 'None'.</msg>
<status status="PASS" starttime="20231208 12:29:01.780" endtime="20231208 12:29:03.057"/>
</kw>
<status status="PASS" starttime="20231208 12:29:01.779" endtime="20231208 12:29:03.057"/>
</kw>
<kw name="Delete Should Succeed With Message">
<arg>Viite on poistettu.</arg>
<kw name="Confirm Page Should Be Open" library="resource">
<kw name="Title Should Be" library="SeleniumLibrary">
<arg>Viite poistettu</arg>
<doc>Verifies that the current page title equals ``title``.</doc>
<msg timestamp="20231208 12:29:03.166" level="INFO">Page title is 'Viite poistettu'.</msg>
<status status="PASS" starttime="20231208 12:29:03.058" endtime="20231208 12:29:03.166"/>
</kw>
<status status="PASS" starttime="20231208 12:29:03.058" endtime="20231208 12:29:03.166"/>
</kw>
<kw name="Page Should Contain" library="SeleniumLibrary">
<arg>${message}</arg>
<doc>Verifies that current page contains ``text``.</doc>
<msg timestamp="20231208 12:29:03.387" level="INFO">Current page contains text 'Viite on poistettu.'.</msg>
<status status="PASS" starttime="20231208 12:29:03.166" endtime="20231208 12:29:03.387"/>
</kw>
<status status="PASS" starttime="20231208 12:29:03.057" endtime="20231208 12:29:03.388"/>
</kw>
<status status="PASS" starttime="20231208 12:28:58.611" endtime="20231208 12:29:03.388"/>
</test>
<kw name="Close Browser" library="SeleniumLibrary" type="TEARDOWN">
<doc>Closes the current browser.</doc>
<status status="PASS" starttime="20231208 12:29:03.389" endtime="20231208 12:29:03.548"/>
</kw>
<status status="PASS" starttime="20231208 12:28:43.006" endtime="20231208 12:29:03.548"/>
</suite>
<status status="PASS" starttime="20231208 12:28:08.792" endtime="20231208 12:29:03.552"/>
</suite>
<statistics>
<total>
<stat pass="10" fail="0" skip="0">All Tests</stat>
</total>
<tag>
</tag>
<suite>
<stat pass="10" fail="0" skip="0" id="s1" name="Tests">Tests</stat>
<stat pass="3" fail="0" skip="0" id="s1-s1" name="Add">Tests.Add</stat>
<stat pass="2" fail="0" skip="0" id="s1-s2" name="Home">Tests.Home</stat>
<stat pass="5" fail="0" skip="0" id="s1-s3" name="Search">Tests.Search</stat>
</suite>
</statistics>
<errors>
<msg timestamp="20231208 12:28:09.074" level="WARN">The chromedriver version (119.0.6045.159) detected in PATH at /usr/bin/chromedriver might not be compatible with the detected chrome version (120.0.6099.71); currently, chromedriver 120.0.6099.71 is recommended for chrome 120.*, so it is advised to delete the driver in PATH and retry</msg>
<msg timestamp="20231208 12:28:39.821" level="WARN">The chromedriver version (119.0.6045.159) detected in PATH at /usr/bin/chromedriver might not be compatible with the detected chrome version (120.0.6099.71); currently, chromedriver 120.0.6099.71 is recommended for chrome 120.*, so it is advised to delete the driver in PATH and retry</msg>
<msg timestamp="20231208 12:28:43.062" level="WARN">The chromedriver version (119.0.6045.159) detected in PATH at /usr/bin/chromedriver might not be compatible with the detected chrome version (120.0.6099.71); currently, chromedriver 120.0.6099.71 is recommended for chrome 120.*, so it is advised to delete the driver in PATH and retry</msg>
</errors>
</robot>
