<?xml version="1.0" encoding="UTF-8"?>
<robot generator="Robot 6.1.1 (Python 3.10.12 on linux)" generated="20231201 12:28:31.169" rpa="false" schemaversion="4">
<suite id="s1" name="Tests" source="/home/kaariroo/ohtu-miniprojekti/src/backend/tests">
<suite id="s1-s1" name="Home" source="/home/kaariroo/ohtu-miniprojekti/src/backend/tests/home.robot">
<kw name="Open And Configure Browser" library="resource" type="SETUP">
<kw name="Evaluate" library="BuiltIn">
<var>${options}</var>
<arg>sys.modules['selenium.webdriver'].ChromeOptions()</arg>
<arg>sys</arg>
<doc>Evaluates the given expression in Python and returns the result.</doc>
<msg timestamp="20231201 12:28:31.301" level="INFO">${options} = &lt;selenium.webdriver.chrome.options.Options object at 0x7f96668b8490&gt;</msg>
<status status="PASS" starttime="20231201 12:28:31.300" endtime="20231201 12:28:31.301"/>
</kw>
<kw name="Call Method" library="BuiltIn">
<arg>${options}</arg>
<arg>add_argument</arg>
<arg>--no-sandbox</arg>
<doc>Calls the named method of the given object with the provided arguments.</doc>
<status status="PASS" starttime="20231201 12:28:31.301" endtime="20231201 12:28:31.301"/>
</kw>
<kw name="Open Browser" library="SeleniumLibrary">
<arg>browser=chrome</arg>
<arg>options=${options}</arg>
<doc>Opens a new browser instance to the optional ``url``.</doc>
<msg timestamp="20231201 12:28:31.302" level="INFO">Opening browser 'chrome' to base url 'None'.</msg>
<status status="PASS" starttime="20231201 12:28:31.301" endtime="20231201 12:28:32.329"/>
</kw>
<kw name="Set Selenium Speed" library="SeleniumLibrary">
<arg>${DELAY}</arg>
<doc>Sets the delay that is waited after each Selenium command.</doc>
<status status="PASS" starttime="20231201 12:28:32.330" endtime="20231201 12:28:32.330"/>
</kw>
<status status="PASS" starttime="20231201 12:28:31.300" endtime="20231201 12:28:32.330"/>
</kw>
<test id="s1-s1-t1" name="Go To Starting Page" line="8">
<kw name="Go To Starting Page" library="resource" type="SETUP">
<kw name="Go To" library="SeleniumLibrary">
<arg>${HOME_URL}</arg>
<doc>Navigates the current browser window to the provided ``url``.</doc>
<msg timestamp="20231201 12:28:32.331" level="INFO">Opening url 'http://localhost:5000'</msg>
<status status="PASS" starttime="20231201 12:28:32.331" endtime="20231201 12:28:33.104"/>
</kw>
<status status="PASS" starttime="20231201 12:28:32.331" endtime="20231201 12:28:33.104"/>
</kw>
<kw name="Starting Page Should Be Open" library="resource">
<kw name="Title Should Be" library="SeleniumLibrary">
<arg>Kirjautuminen</arg>
<doc>Verifies that the current page title equals ``title``.</doc>
<msg timestamp="20231201 12:28:33.621" level="INFO">Page title is 'Kirjautuminen'.</msg>
<status status="PASS" starttime="20231201 12:28:33.105" endtime="20231201 12:28:33.621"/>
</kw>
<status status="PASS" starttime="20231201 12:28:33.104" endtime="20231201 12:28:33.622"/>
</kw>
<status status="PASS" starttime="20231201 12:28:32.330" endtime="20231201 12:28:33.622"/>
</test>
<test id="s1-s1-t2" name="Login With Correct Credentials" line="11">
<kw name="Go To Starting Page" library="resource" type="SETUP">
<kw name="Go To" library="SeleniumLibrary">
<arg>${HOME_URL}</arg>
<doc>Navigates the current browser window to the provided ``url``.</doc>
<msg timestamp="20231201 12:28:33.624" level="INFO">Opening url 'http://localhost:5000'</msg>
<status status="PASS" starttime="20231201 12:28:33.624" endtime="20231201 12:28:34.177"/>
</kw>
<status status="PASS" starttime="20231201 12:28:33.623" endtime="20231201 12:28:34.177"/>
</kw>
<kw name="Set Username">
<arg>kalle</arg>
<kw name="Input Text" library="SeleniumLibrary">
<arg>username</arg>
<arg>${username}</arg>
<doc>Types the given ``text`` into the text field identified by ``locator``.</doc>
<msg timestamp="20231201 12:28:34.179" level="INFO">Typing text 'kalle' into text field 'username'.</msg>
<status status="PASS" starttime="20231201 12:28:34.178" endtime="20231201 12:28:35.811"/>
</kw>
<status status="PASS" starttime="20231201 12:28:34.178" endtime="20231201 12:28:35.811"/>
</kw>
<kw name="Submit Credentials">
<kw name="Click Button" library="SeleniumLibrary">
<arg>Kirjaudu sisään</arg>
<doc>Clicks the button identified by ``locator``.</doc>
<msg timestamp="20231201 12:28:35.812" level="INFO">Clicking button 'Kirjaudu sisään'.</msg>
<status status="PASS" starttime="20231201 12:28:35.811" endtime="20231201 12:28:37.981"/>
</kw>
<status status="PASS" starttime="20231201 12:28:35.811" endtime="20231201 12:28:37.981"/>
</kw>
<kw name="Login Should Succeed">
<kw name="Article Page Should Be Open" library="resource">
<kw name="Title Should Be" library="SeleniumLibrary">
<arg>Lähdeviitteiden tallennussovellus</arg>
<doc>Verifies that the current page title equals ``title``.</doc>
<msg timestamp="20231201 12:28:38.488" level="INFO">Page title is 'Lähdeviitteiden tallennussovellus'.</msg>
<status status="PASS" starttime="20231201 12:28:37.982" endtime="20231201 12:28:38.488"/>
</kw>
<status status="PASS" starttime="20231201 12:28:37.981" endtime="20231201 12:28:38.488"/>
</kw>
<status status="PASS" starttime="20231201 12:28:37.981" endtime="20231201 12:28:38.488"/>
</kw>
<status status="PASS" starttime="20231201 12:28:33.623" endtime="20231201 12:28:38.488"/>
</test>
<kw name="Close Browser" library="SeleniumLibrary" type="TEARDOWN">
<doc>Closes the current browser.</doc>
<status status="PASS" starttime="20231201 12:28:38.489" endtime="20231201 12:28:39.048"/>
</kw>
<status status="PASS" starttime="20231201 12:28:31.186" endtime="20231201 12:28:39.048"/>
</suite>
<status status="PASS" starttime="20231201 12:28:31.170" endtime="20231201 12:28:39.049"/>
</suite>
<statistics>
<total>
<stat pass="2" fail="0" skip="0">All Tests</stat>
</total>
<tag>
</tag>
<suite>
<stat pass="2" fail="0" skip="0" id="s1" name="Tests">Tests</stat>
<stat pass="2" fail="0" skip="0" id="s1-s1" name="Home">Tests.Home</stat>
</suite>
</statistics>
<errors>
</errors>
</robot>
